Software Version: 2022.2.0.10
Programmer 'S20153T5B2' : JTAG TCK / SPI SCK frequency = 1 MHz
programmer 'S20153T5B2' : FlashPro5
Opened 'E:\OneDrive\Dokumente\200_Education\220_Study\222_Semester\S5\DISY\11_Projekte\01_Aufgabe\xwork\Aufgabe1\designer\aufgabe1\aufgabe1_fp\aufgabe1.pro'
The 'open_project' command succeeded.
Info: Programming is already enabled for device 'M2S005'.
The 'enable_device' command succeeded.
PPD file 'E:/OneDrive/Dokumente/200_Education/220_Study/222_Semester/S5/DISY/11_Projekte/01_Aufgabe/xwork/Aufgabe1/designer/aufgabe1/aufgabe1.ppd' has been loaded successfully.
DESIGN : aufgabe1;  CHECKSUM : 1060;  PDB_VERSION : 1.0
The 'set_programming_file' command succeeded.
The 'set_programming_action' command succeeded.
programmer 'S20153T5B2' : Scan Chain...
Programmer 'S20153T5B2' : JTAG TCK / SPI SCK frequency = 1 MHz
programmer 'S20153T5B2' : Check Chain...
programmer 'S20153T5B2' : Scan and Check Chain PASSED.
programmer 'S20153T5B2' : device 'M2S005' : Executing action PROGRAM
Programmer 'S20153T5B2' : JTAG TCK / SPI SCK frequency = 4 MHz
programmer 'S20153T5B2' : device 'M2S005' : Family: SmartFusion2
programmer 'S20153T5B2' : device 'M2S005' : Product:      M2S005
programmer 'S20153T5B2' : device 'M2S005' : Cortex-M3 Enabled (M3_ALLOWED = 1)
programmer 'S20153T5B2' : device 'M2S005' : Programming Interface Protocol: JTAG
programmer 'S20153T5B2' : device 'M2S005' : EXPORT ISC_ENABLE_RESULT[32] = 005f6d24
programmer 'S20153T5B2' : device 'M2S005' : EXPORT CRCERR[1] = 0
programmer 'S20153T5B2' : device 'M2S005' : EXPORT EDCERR[1] = 0
programmer 'S20153T5B2' : device 'M2S005' : Programming FPGA Array...
programmer 'S20153T5B2' : device 'M2S005' : EXPORT Fabric component digest[256] = 452043d1d7b4dac5bd1acf686abf2bf268257aa2c3924eb9903395a8229ff7fe
programmer 'S20153T5B2' : device 'M2S005' : ===================================================================================
programmer 'S20153T5B2' : device 'M2S005' : EXPORT DSN[128] = 71a31889fb8db2cb103dc78ce1896eac
programmer 'S20153T5B2' : device 'M2S005' : ===================================================================================
programmer 'S20153T5B2' : device 'M2S005' : Finished: Wed Nov 23 14:20:53 2022 (Elapsed time 00:00:18)
programmer 'S20153T5B2' : device 'M2S005' : Executing action PROGRAM PASSED.
programmer 'S20153T5B2' : Chain programming PASSED.
Chain Programming Finished: Wed Nov 23 14:20:53 2022 (Elapsed time 00:00:18)

                        o - o - o - o - o - o

The 'run_selected_actions' command succeeded.
Project saved.
The 'save_project' command succeeded.
Project closed.
The 'close_project' command succeeded.
The Execute Script command succeeded.
