----------------------------------------------------------------
-Pin Report - Date: Wed Nov 23 14:20:13 2022 Pinchecksum: NOT-AVAILABLE
-Product: Designer
-Release: v2022.2
-Version: 2022.2.0.10
-Design Name: aufgabe1
-Family: SmartFusion2
-Die: M2S005
-Package: 144 TQ
-----------------------------------------------------------------

Number |Port    |Function                     |State      |I/O Std  |Direction |I/O state in Flash*Freeze mode |Resistor Pull |I/O available in Flash*Freeze mode |Schmitt Trigger |Odt_Static |Odt Imp (Ohm) |Low Power Exit |Input Delay |Slew |Pre-Emphasis |Output Drive (mA) |Output Load (pF) |
-------|--------|-----------------------------|-----------|---------|----------|-------------------------------|--------------|-----------------------------------|----------------|-----------|--------------|---------------|------------|-----|-------------|------------------|-----------------|
1                MSIO52NB6                     Unassigned  
2                MSIO52PB6                     Unassigned  
3                MSIO53PB6                     Unassigned  
4                MSIO53NB6                     Unassigned  
5                VSS                           Reserved    
6                VDDI6                         Reserved    
7                MSIO56NB6                     Unassigned  
8                MSIO56PB6                     Unassigned  
9                MSIO58NB6                     Unassigned  
10               MSIO58PB6                     Unassigned  
11               VSS                           Reserved    
12               VDD                           Reserved    
13      seg[7]   MSIO62NB6                     Fixed       LVCMOS33  Output     TRISTATE                        None           No                                  ---              ---         ---            ---             ---          ---   ---           4                  5                 
14      dp       MSIO62PB6                     Fixed       LVCMOS33  Output     TRISTATE                        None           No                                  ---              ---         ---            ---             ---          ---   ---           4                  5                 
15      seg[5]   MSIO63NB6                     Fixed       LVCMOS33  Output     TRISTATE                        None           No                                  ---              ---         ---            ---             ---          ---   ---           4                  5                 
16      seg[6]   MSIO63PB6/GB2                 Special     LVCMOS33  Output     TRISTATE                        None           No                                  ---              ---         ---            ---             ---          ---   ---           4                  5                 
17               VDDI6                         Reserved    
18               VSS                           Reserved    
19      seg[3]   MSIO64NB6                     Fixed       LVCMOS33  Output     TRISTATE                        None           No                                  ---              ---         ---            ---             ---          ---   ---           4                  5                 
20      seg[4]   MSIO64PB6/GB1                 Special     LVCMOS33  Output     TRISTATE                        None           No                                  ---              ---         ---            ---             ---          ---   ---           4                  5                 
21      seg[1]   MSIO66NB6                     Fixed       LVCMOS33  Output     TRISTATE                        None           No                                  ---              ---         ---            ---             ---          ---   ---           4                  5                 
22      seg[2]   MSIO66PB6                     Fixed       LVCMOS33  Output     TRISTATE                        None           No                                  ---              ---         ---            ---             ---          ---   ---           4                  5                 
23               MSIOD69PB5/CCC_NE1_CLKI2      Special     
24      clk      MSIOD70PB5/CCC_NE1_CLKI1      Special     LVCMOS25  Input      TRISTATE                        None           No                                  Off              ---         ---            Off             Off          ---   ---           ---                ---               
25               VDDI5                         Reserved    
26               VSS                           Reserved    
27               VDD                           Reserved    
28               MSIOD74NB5                    Unassigned  
29               MSIOD74PB5                    Unassigned  
30               MSIOD75NB5                    Unassigned  
31               MSIOD75PB5                    Unassigned  
32               VDDI5                         Reserved    
33               VSS                           Reserved    
34               MSIOD79PB5                    Unassigned  
35               MSIOD80NB5                    Unassigned  
36               MSIOD80PB5                    Unassigned  
37               VPP                           Reserved    
38      btn[4]   MSIO81PB4                     Fixed       LVCMOS33  Input      TRISTATE                        None           No                                  Off              ---         ---            Off             Off          ---   ---           ---                ---               
39      digi[4]  MSIO81NB4/CCC_NE1_CLKI0       Special     LVCMOS33  Output     TRISTATE                        None           No                                  ---              ---         ---            ---             ---          ---   ---           4                  5                 
40      btn[3]   MSIO82NB4/PROBE_B             Fixed       LVCMOS33  Input      TRISTATE                        None           No                                  Off              ---         ---            Off             Off          ---   ---           ---                ---               
41      digi[3]  MSIO82PB4/PROBE_A             Fixed       LVCMOS33  Output     TRISTATE                        None           No                                  ---              ---         ---            ---             ---          ---   ---           4                  5                 
42      btn[2]   MSIO83NB4/GB7                 Special     LVCMOS33  Input      TRISTATE                        None           No                                  Off              ---         ---            Off             Off          ---   ---           ---                ---               
43      digi[2]  MSIO83PB4/GB3                 Special     LVCMOS33  Output     TRISTATE                        None           No                                  ---              ---         ---            ---             ---          ---   ---           4                  5                 
44               VSS                           Reserved    
45               VDDI4                         Reserved    
46      btn[1]   MSIO84PB4/CCC_NE0_CLKI0       Special     LVCMOS33  Input      TRISTATE                        None           No                                  Off              ---         ---            Off             Off          ---   ---           ---                ---               
47      digi[1]  MSIO84NB4                     Fixed       LVCMOS33  Output     TRISTATE                        None           No                                  ---              ---         ---            ---             ---          ---   ---           4                  5                 
48               VDD                           Reserved    
49               VSS                           Reserved    
50               MSIO92PB4                     Unassigned  
51               MSIO92NB4                     Unassigned  
52               MSIO93PB4                     Unassigned  
53      rst      MSIO93NB4                     Fixed       LVCMOS33  Input      TRISTATE                        None           No                                  Off              ---         ---            Off             Off          ---   ---           ---                ---               
54               VSS                           Reserved    
55               VDDI4                         Reserved    
56      sw[7]    MSIO96PB4                     Fixed       LVCMOS33  Input      TRISTATE                        None           No                                  Off              ---         ---            Off             Off          ---   ---           ---                ---               
57      sw[8]    MSIO96NB4                     Fixed       LVCMOS33  Input      TRISTATE                        None           No                                  Off              ---         ---            Off             Off          ---   ---           ---                ---               
58               VSS                           Reserved    
59               VDD                           Reserved    
60      sw[5]    MSIO100PB4                    Fixed       LVCMOS33  Input      TRISTATE                        None           No                                  Off              ---         ---            Off             Off          ---   ---           ---                ---               
61      sw[6]    MSIO100NB4                    Fixed       LVCMOS33  Input      TRISTATE                        None           No                                  Off              ---         ---            Off             Off          ---   ---           ---                ---               
62      sw[3]    MSIO101PB4                    Fixed       LVCMOS33  Input      TRISTATE                        None           No                                  Off              ---         ---            Off             Off          ---   ---           ---                ---               
63      sw[4]    MSIO101NB4                    Fixed       LVCMOS33  Input      TRISTATE                        None           No                                  Off              ---         ---            Off             Off          ---   ---           ---                ---               
64               VSS                           Reserved    
65               VDDI4                         Reserved    
66      sw[1]    MSIO105PB4                    Fixed       LVCMOS33  Input      TRISTATE                        None           No                                  Off              ---         ---            Off             Off          ---   ---           ---                ---               
67      sw[2]    MSIO105NB4                    Fixed       LVCMOS33  Input      TRISTATE                        None           No                                  Off              ---         ---            Off             Off          ---   ---           ---                ---               
68               XTLOSC_AUX_XTAL               Reserved    
69               XTLOSC_AUX_EXTAL              Reserved    
70               XTLOSC_MAIN_XTAL              Reserved    
71               XTLOSC_MAIN_EXTAL             Reserved    
72               DEVRST_N                      Reserved    
73               JTAGSEL                       Reserved    
74               JTAG_TDO/M3_TDO/M3_SWO        Reserved    
75               JTAG_TCK/M3_TCK               Reserved    
76               JTAG_TRSTB/M3_TRSTB           Reserved    
77               VDDI3                         Reserved    
78               JTAG_TMS/M3_TMS/M3_SWDIO      Reserved    
79               JTAG_TDI/M3_TDI               Reserved    
80               VPP                           Reserved    
81               MSIO0NB2/USB_DATA7_B          Unassigned  
82               MSIO1PB2/USB_XCLK_B           Unassigned  
83               VSS                           Reserved    
84               VDDI2                         Reserved    
85               MSIO1NB2/USB_DIR_B            Unassigned  
86               MSIO2PB2/USB_STP_B            Unassigned  
87               MSIO2NB2/USB_NXT_B            Unassigned  
88               MSIO3PB2/USB_DATA0_B          Unassigned  
89               MSIO3NB2/USB_DATA1_B          Unassigned  
90               MSIO4PB2/USB_DATA2_B          Unassigned  
91               MSIO4NB2/USB_DATA3_B          Unassigned  
92               MSIO5PB2/USB_DATA4_B          Unassigned  
93               MSIO6PB2/USB_DATA6_B          Unassigned  
94               MSIO5NB2/USB_DATA5_B          Unassigned  
95               VDD                           Reserved    
96               VDDI2                         Reserved    
97               VSS                           Reserved    
98               MSIO12PB2/SPI_0_CLK           Unassigned  
99               MSIO12NB2/SPI_0_SDI/GPIO_5_A  Unassigned  
100              MSIO13PB2/SPI_0_SDO/GPIO_6_A  Unassigned  
101              MSIO13NB2/SPI_0_SS0/GPIO_7_A  Unassigned  
102              VSSNVM                        Reserved    
103              VPPNVM                        Reserved    
104              VPP                           Reserved    
105              VDD                           Reserved    
106              CCC_NE1_PLL_VSSA              Reserved    
107              CCC_NE1_PLL_VDDA              Reserved    
108              CCC_NE0_PLL_VSSA              Reserved    
109              CCC_NE0_PLL_VDDA              Reserved    
110              DDRIO20PB0                    Unassigned  
111              DDRIO22NB0                    Unassigned  
112              DDRIO22PB0                    Unassigned  
113              VSS                           Reserved    
114              VDDI0                         Reserved    
115              DDRIO25NB0                    Unassigned  
116              DDRIO25PB0                    Unassigned  
117              DDRIO27NB0                    Unassigned  
118              DDRIO27PB0                    Unassigned  
119              VSS                           Reserved    
120              VREF0                         Reserved    
121              VDD                           Reserved    
122              DDRIO33NB0                    Unassigned  
123              DDRIO33PB0                    Unassigned  
124              DDRIO34NB0                    Unassigned  
125              DDRIO34PB0                    Unassigned  
126              VSS                           Reserved    
127              VDDI0                         Reserved    
128              DDRIO37NB0                    Unassigned  
129              DDRIO37PB0                    Unassigned  
130              DDRIO38NB0                    Unassigned  
131              DDRIO38PB0                    Unassigned  
132              VSS                           Reserved    
133              VDD                           Reserved    
134              DDRIO43NB0                    Unassigned  
135              DDRIO43PB0                    Unassigned  
136              DDRIO45NB0                    Unassigned  
137              DDRIO45PB0/CCC_NE0_CLKI3      Special     
138              VSS                           Reserved    
139              VDDI0                         Reserved    
140              DDRIO49NB0/GB4                Special     
141              DNC                           Reserved    
142              DDRIO49PB0/GB0                Special     
143              DDRIO50NB0/CCC_NE1_CLKI3      Special     
144              DDRIO51PB0                    Unassigned  
