
Copyright (C) 1994-2021 Synopsys, Inc.
This Synopsys software and all associated documentation are proprietary to Synopsys, Inc.
and may only be used pursuant to the terms and conditions of a written license agreement
with Synopsys, Inc. All other use, reproduction, modification, or distribution of the
Synopsys software or the associated documentation is strictly prohibited.
Tool: Synplify Pro (R)
Build: S-2021.09M-SP1
Install: D:\Microchip\Libero_SoC_v2022.2\SynplifyPro
OS: Windows 6.2

Hostname: SIMON

Implementation : synthesis

# Written on Wed Nov 23 14:20:00 2022

##### FILES SYNTAX CHECKED ##############################################
Constraint File(s):      "E:\OneDrive\Dokumente\200_Education\220_Study\222_Semester\S5\DISY\11_Projekte\01_Aufgabe\xwork\Aufgabe1\designer\aufgabe1\synthesis.fdc"

#Run constraint checker to find more issues with constraints.
#########################################################################



No issues found in constraint syntax.



Clock Summary
*************

          Start            Requested     Requested     Clock        Clock          Clock
Level     Clock            Frequency     Period        Type         Group          Load 
----------------------------------------------------------------------------------------
0 -       aufgabe1|clk     100.0 MHz     10.000        inferred     (multiple)     17   
========================================================================================


Clock Load Summary
******************

                 Clock     Source        Clock Pin          Non-clock Pin     Non-clock Pin
Clock            Load      Pin           Seq Example        Seq Example       Comb Example 
-------------------------------------------------------------------------------------------
aufgabe1|clk     17        clk(port)     u1.reg[13:0].C     -                 -            
===========================================================================================
