********************************************************************
I/O Bank Report - Date: Tue Jan 10 10:53:43 2023
Product: Designer
Release: v2022.2
Version: 2022.2.0.10
Design Name: aufgabe2
Family: SmartFusion2
Die: M2S005
Package: 144 TQ
********************************************************************


I/O Function:

    Type                                  | w/o register  | w/ register  | w/ DDR register
    --------------------------------------|---------------|--------------|----------------
    Input I/O                             | 14            | 0            | 0
    Output I/O                            | 14            | 0            | 0
    Bidirectional I/O                     | 0             | 0            | 0
    Differential Input I/O Pairs          | 0             | 0            | 0
    Differential Output I/O Pairs         | 0             | 0            | 0

I/O Technology:

                                    |   Voltages    |             I/Os              
    --------------------------------|-------|-------|-------|--------|--------------
    I/O Standard(s)                 | Vddi  | Vref  | Input | Output | Bidirectional
    --------------------------------|-------|-------|-------|--------|--------------
    LVCMOS33                        | 3.30v | N/A   | 13    | 14     | 0            
    LVCMOS25                        | 2.50v | N/A   | 1     | 0      | 0            

I/O Bank Resource Usage:

          |   Voltages    | Single I/Os  | Diff I/O Pairs |        Vref I/Os        |  Type   
          |-------|-------|------|-------|-------|--------|------|-------|----------|---------
          | Vddi  | Vref  | Used | Total | Used  | Total  | Used | Total | Vref Pins|         
    ------|-------|-------|------|-------|-------|--------|------|-------|----------|---------
    Bank0 | 2.50v | N/A   | 0    | 23    | 0     | 10     | N/A  | N/A   | N/A      | DDRIO   
    Bank1 | 3.30v | N/A   | 0    | 0     | 0     | 0      | N/A  | N/A   | N/A      | MSIO    
    Bank2 | 3.30v | N/A   | 0    | 16    | 0     | 7      | N/A  | N/A   | N/A      | MSIO    
    Bank3 | 2.50v | N/A   | 0    | 0     | 0     | 0      | N/A  | N/A   | N/A      | JTAG    
    Bank4 | 3.30v | N/A   | 19   | 20    | 0     | 10     | N/A  | N/A   | N/A      | MSIO    
    Bank5 | 2.50v | N/A   | 1    | 9     | 0     | 3      | N/A  | N/A   | N/A      | MSIOD   
    Bank6 | 3.30v | N/A   | 8    | 16    | 0     | 8      | N/A  | N/A   | N/A      | MSIO    

I/O Voltage Usage:

       Voltages    |     I/Os     
    -------|-------|------|-------
     Vddi  | Vref  | Used | Total 
    -------|-------|------|-------
     2.50v | N/A   | 1    | 32    
     3.30v | N/A   | 27   | 52    

