Software Version: 2022.2.0.10
Programmer 'S20153T7SH' : JTAG TCK / SPI SCK frequency = 1 MHz
programmer 'S20153T7SH' : FlashPro5
Opened 'E:\00_Git\02_Study\DISY\02-Aufgabe\xwork\Aufgabe2\designer\aufgabe2\aufgabe2_fp\aufgabe2.pro'
The 'open_project' command succeeded.
Info: Programming is already enabled for device 'M2S005'.
The 'enable_device' command succeeded.
PPD file 'E:/00_Git/02_Study/DISY/02-Aufgabe/xwork/Aufgabe2/designer/aufgabe2/aufgabe2.ppd' has been loaded successfully.
DESIGN : aufgabe2;  CHECKSUM : 017A;  PDB_VERSION : 1.0
The 'set_programming_file' command succeeded.
The 'set_programming_action' command succeeded.
programmer 'S20153T7SH' : Scan Chain...
Programmer 'S20153T7SH' : JTAG TCK / SPI SCK frequency = 1 MHz
programmer 'S20153T7SH' : Check Chain...
programmer 'S20153T7SH' : Scan and Check Chain PASSED.
programmer 'S20153T7SH' : device 'M2S005' : Executing action PROGRAM
Programmer 'S20153T7SH' : JTAG TCK / SPI SCK frequency = 4 MHz
programmer 'S20153T7SH' : device 'M2S005' : Family: SmartFusion2
programmer 'S20153T7SH' : device 'M2S005' : Product:      M2S005
programmer 'S20153T7SH' : device 'M2S005' : Cortex-M3 Enabled (M3_ALLOWED = 1)
programmer 'S20153T7SH' : device 'M2S005' : Programming Interface Protocol: JTAG
programmer 'S20153T7SH' : device 'M2S005' : EXPORT ISC_ENABLE_RESULT[32] = 005a6724
programmer 'S20153T7SH' : device 'M2S005' : EXPORT CRCERR[1] = 0
programmer 'S20153T7SH' : device 'M2S005' : EXPORT EDCERR[1] = 0
programmer 'S20153T7SH' : device 'M2S005' : Programming FPGA Array...
programmer 'S20153T7SH' : device 'M2S005' : EXPORT Fabric component digest[256] = fcc8ee90375b36b9d7fd7770df69a2b757ed634860a908f78e6f9be9225a95bd
programmer 'S20153T7SH' : device 'M2S005' : ===================================================================================
programmer 'S20153T7SH' : device 'M2S005' : EXPORT DSN[128] = b37a5f37832769a34c80eb96eceb97a8
programmer 'S20153T7SH' : device 'M2S005' : ===================================================================================
programmer 'S20153T7SH' : device 'M2S005' : Finished: Tue Jan 10 10:54:29 2023 (Elapsed time 00:00:18)
programmer 'S20153T7SH' : device 'M2S005' : Executing action PROGRAM PASSED.
programmer 'S20153T7SH' : Chain programming PASSED.
Chain Programming Finished: Tue Jan 10 10:54:29 2023 (Elapsed time 00:00:18)

                        o - o - o - o - o - o

The 'run_selected_actions' command succeeded.
Project saved.
The 'save_project' command succeeded.
Project closed.
The 'close_project' command succeeded.
The Execute Script command succeeded.
