
                               Synplify Pro (R) 

                Version S-2021.09M-SP1 for win64 - Jun 14, 2022 

                    Copyright (c) 1988 - 2022 Synopsys, Inc.
   This software and the associated documentation are proprietary to Synopsys,
 Inc. This software may only be used in accordance with the terms and conditions
 of a written license agreement with Synopsys, Inc. All other use, reproduction,
   or distribution of this software is strictly prohibited.  Licensed Products
     communicate with Synopsys servers for the purpose of providing software
    updates, detecting software piracy and verifying that customers are using
    Licensed Products in conformity with the applicable License Key for such
  Licensed Products. Synopsys will use information gathered in connection with
    this process to deliver software updates and pursue software pirates and
                                   infringers.

 Inclusivity & Diversity - Visit SolvNetPlus to read the "Synopsys Statement on
            Inclusivity and Diversity" (Refer to article 000036315 at
                        https://solvnetplus.synopsys.com)

Starting:    C:\Microchip\Libero_SoC_v2022.2\SynplifyPro\bin64\mbin\synbatch.exe
Install:     C:\Microchip\Libero_SoC_v2022.2\SynplifyPro
Hostname:    DS-PC09
Date:        Wed Dec 21 11:59:51 2022
Version:     S-2021.09M-SP1

Arguments:   -product synplify_pro -licensetype synplifypro_actel -batch -log synplify.log aufgabe2_syn.tcl
ProductType: synplify_pro

License checkout: synplifypro_actel
License: synplifypro_actel node-locked 
Licensed Vendor: actel
License Option: actel_oem

Running in Vendor Mode

Error: At line 9 while processing "C:\Users\si741rau\Desktop\DISY\02-Aufgabe\xwork\Aufgabe2\synthesis\aufgabe2_syn.prj"
invalid command name "<<<<<<<"
Error: At line 1 while processing "aufgabe2_syn.tcl"
Project load failed.
TCL script complete: "aufgabe2_syn.tcl"
TCL script had errors: "aufgabe2_syn.tcl"
exit status=9
exit status=9
License checkin: synplifypro_actel
