Resource Usage Report for aufgabe2 

Mapping to part: m2s005vf400std
Cell usage:
CLKINT          2 uses
CFG1           1 use
CFG2           5 uses
CFG3           5 uses
CFG4           4 uses


Sequential Cells: 
SLE            17 uses

DSP Blocks:    0 of 11 (0%)

I/O ports: 28
I/O primitives: 17
INBUF          3 uses
OUTBUF         14 uses


Global Clock Buffers: 2

Total LUTs:    15

Extra resources required for RAM and MACC interface logic during P&R:

RAM64x18 Interface Logic : SLEs = 0; LUTs = 0;
RAM1K18  Interface Logic : SLEs = 0; LUTs = 0;
MACC     Interface Logic : SLEs = 0; LUTs = 0;

Total number of SLEs after P&R:  17 + 0 + 0 + 0 = 17;
Total number of LUTs after P&R:  15 + 0 + 0 + 0 = 15;

