
Copyright (C) 1994-2021 Synopsys, Inc.
This Synopsys software and all associated documentation are proprietary to Synopsys, Inc.
and may only be used pursuant to the terms and conditions of a written license agreement
with Synopsys, Inc. All other use, reproduction, modification, or distribution of the
Synopsys software or the associated documentation is strictly prohibited.
Tool: Synplify Pro (R)
Build: S-2021.09M-SP1
Install: D:\Microchip\Libero_SoC_v2022.2\SynplifyPro
OS: Windows 10 or later
Hostname: SIMON

Implementation : synthesis
Synopsys HDL compiler and linker, Version comp202109synp2, Build 152R, Built Jun 14 2022 11:35:28, @

Modified Files: 1
FID:  path (prevtimestamp, timestamp)
28       E:\00_Git\02_Study\DISY\02-Aufgabe\std_counter.vhd (2023-01-10 10:49:37, 2023-01-10 10:53:17)

*******************************************************************
Modules that may have changed as a result of file changes: 1
MID:  lib.cell.view
4        work.std_counter.verhalten may have changed because the following files changed:
                        E:\00_Git\02_Study\DISY\02-Aufgabe\std_counter.vhd (2023-01-10 10:49:37, 2023-01-10 10:53:17) <-- (architecture and entity definition)

*******************************************************************
Unmodified files: 15
FID:  path (timestamp)
16       D:\Microchip\Libero_SoC_v2022.2\SynplifyPro\lib\vhd2008\arith.vhd (2022-06-23 14:48:48)
17       D:\Microchip\Libero_SoC_v2022.2\SynplifyPro\lib\vhd2008\location.map (2022-06-23 14:48:48)
18       D:\Microchip\Libero_SoC_v2022.2\SynplifyPro\lib\vhd2008\numeric.vhd (2022-06-23 14:48:48)
19       D:\Microchip\Libero_SoC_v2022.2\SynplifyPro\lib\vhd2008\std.vhd (2022-06-23 14:48:48)
20       D:\Microchip\Libero_SoC_v2022.2\SynplifyPro\lib\vhd2008\std1164.vhd (2022-06-23 14:48:48)
21       D:\Microchip\Libero_SoC_v2022.2\SynplifyPro\lib\vhd2008\std_textio.vhd (2022-06-23 14:48:48)
22       D:\Microchip\Libero_SoC_v2022.2\SynplifyPro\lib\vhd2008\unsigned.vhd (2022-06-23 14:48:48)
23       D:\Microchip\Libero_SoC_v2022.2\SynplifyPro\lib\vhd\hyperents.vhd (2022-06-23 14:48:48)
24       D:\Microchip\Libero_SoC_v2022.2\SynplifyPro\lib\vhd\snps_haps_pkg.vhd (2022-06-23 14:48:48)
25       D:\Microchip\Libero_SoC_v2022.2\SynplifyPro\lib\vhd\umr_capim.vhd (2022-06-23 14:48:48)
26       E:\00_Git\02_Study\DISY\01-Aufgabe\hex4x7seg.vhd (2023-01-09 21:44:10)
27       E:\00_Git\02_Study\DISY\02-Aufgabe\aufgabe2.vhd (2023-01-09 21:44:30)
29       E:\00_Git\02_Study\DISY\02-Aufgabe\sync_buffer.vhd (2023-01-10 10:19:07)
30       E:\00_Git\02_Study\DISY\02-Aufgabe\sync_module.vhd (2023-01-10 10:18:27)
31       E:\00_Git\02_Study\DISY\bib\lfsr_lib.vhd (2023-01-09 21:44:30)

*******************************************************************
Unchanged modules: 8
MID:  lib.cell.view
0        work.aufgabe2.structure
1        work.aufgabe2.vhdl
2        work.hex4x7seg.struktur
3        work.hex4x7seg.vhdl
6        work.sync_buffer.verhalten
7        work.sync_buffer.vhdl
8        work.sync_module.verhalten
9        work.sync_module.vhdl
