
Copyright (C) 1994-2021 Synopsys, Inc.
This Synopsys software and all associated documentation are proprietary to Synopsys, Inc.
and may only be used pursuant to the terms and conditions of a written license agreement
with Synopsys, Inc. All other use, reproduction, modification, or distribution of the
Synopsys software or the associated documentation is strictly prohibited.
Tool: Synplify Pro (R)
Build: S-2021.09M-SP1
Install: D:\Microchip\Libero_SoC_v2022.2\SynplifyPro
OS: Windows 10 or later
Hostname: SIMON

Implementation : synthesis
Synopsys HDL compiler and linker, Version comp202109synp2, Build 152R, Built Jun 14 2022 11:35:28, @

Modified Files: 1
FID:  path (prevtimestamp, timestamp)
11       E:\OneDrive\Dokumente\200_Education\220_Study\222_Semester\S5\DISY\11_Projekte\01_Aufgabe\hex4x7seg.vhd (2022-11-23 14:14:55, 2022-11-23 14:19:44)

*******************************************************************
Modules that may have changed as a result of file changes: 1
MID:  lib.cell.view
2        work.hex4x7seg.struktur may have changed because the following files changed:
                        E:\OneDrive\Dokumente\200_Education\220_Study\222_Semester\S5\DISY\11_Projekte\01_Aufgabe\hex4x7seg.vhd (2022-11-23 14:14:55, 2022-11-23 14:19:44) <-- (architecture and entity definition)

*******************************************************************
Unmodified files: 11
FID:  path (timestamp)
0        D:\Microchip\Libero_SoC_v2022.2\SynplifyPro\lib\vhd2008\arith.vhd (2022-06-23 14:48:48)
1        D:\Microchip\Libero_SoC_v2022.2\SynplifyPro\lib\vhd2008\location.map (2022-06-23 14:48:48)
2        D:\Microchip\Libero_SoC_v2022.2\SynplifyPro\lib\vhd2008\numeric.vhd (2022-06-23 14:48:48)
3        D:\Microchip\Libero_SoC_v2022.2\SynplifyPro\lib\vhd2008\std.vhd (2022-06-23 14:48:48)
4        D:\Microchip\Libero_SoC_v2022.2\SynplifyPro\lib\vhd2008\std1164.vhd (2022-06-23 14:48:48)
5        D:\Microchip\Libero_SoC_v2022.2\SynplifyPro\lib\vhd2008\std_textio.vhd (2022-06-23 14:48:48)
6        D:\Microchip\Libero_SoC_v2022.2\SynplifyPro\lib\vhd2008\unsigned.vhd (2022-06-23 14:48:48)
7        D:\Microchip\Libero_SoC_v2022.2\SynplifyPro\lib\vhd\hyperents.vhd (2022-06-23 14:48:48)
8        D:\Microchip\Libero_SoC_v2022.2\SynplifyPro\lib\vhd\snps_haps_pkg.vhd (2022-06-23 14:48:48)
9        D:\Microchip\Libero_SoC_v2022.2\SynplifyPro\lib\vhd\umr_capim.vhd (2022-06-23 14:48:48)
10       E:\OneDrive\Dokumente\200_Education\220_Study\222_Semester\S5\DISY\11_Projekte\01_Aufgabe\aufgabe1.vhd (2022-11-15 10:08:51)

*******************************************************************
Unchanged modules: 2
MID:  lib.cell.view
0        work.aufgabe1.struktur
1        work.aufgabe1.vhdl
